# JRE version: Java(TM) SE Runtime Environment (15.0.2+7) (build 15.0.2+7-27)
# Java VM: Java HotSpot(TM) 64-Bit Server VM (15.0.2+7-27, mixed mode, sharing, tiered, compressed oops, g1 gc, windows-amd64)
GC Precious Log:
 CPUs: 4 total, 4 available
 Memory: 3979M
 Large Page Support: Disabled
 NUMA Support: Disabled
 Compressed Oops: Enabled (32-bit)
 Heap Region Size: 1M
 Heap Min Capacity: 8M
 Heap Initial Capacity: 8M
 Heap Max Capacity: 996M
 Pre-touch: Disabled
 Parallel Workers: 4
 Concurrent Workers: 1
 Concurrent Refinement Workers: 4
 Periodic GC: Disabled
Heap:
 garbage-first heap   total 38912K, used 10661K [0x00000000c1c00000, 0x0000000100000000)
  region size 1024K, 2 young (2048K), 1 survivors (1024K)
 Metaspace       used 10062K, capacity 12593K, committed 12672K, reserved 1060864K
  class space    used 1128K, capacity 1364K, committed 1408K, reserved 1048576K
GC Heap History (20 events):
Event: 1.868 GC heap before
{Heap before GC invocations=9 (full 0):
 garbage-first heap   total 10240K, used 6055K [0x00000000c1c00000, 0x0000000100000000)
  region size 1024K, 3 young (3072K), 1 survivors (1024K)
 Metaspace       used 8530K, capacity 11297K, committed 11520K, reserved 1058816K
  class space    used 978K, capacity 1231K, committed 1280K, reserved 1048576K
}
Event: 1.871 GC heap after
{Heap after GC invocations=10 (full 0):
 garbage-first heap   total 10240K, used 4318K [0x00000000c1c00000, 0x0000000100000000)
  region size 1024K, 1 young (1024K), 1 survivors (1024K)
 Metaspace       used 8530K, capacity 11297K, committed 11520K, reserved 1058816K
  class space    used 978K, capacity 1231K, committed 1280K, reserved 1048576K
}
Event: 1.900 GC heap before
{Heap before GC invocations=10 (full 0):
 garbage-first heap   total 10240K, used 6366K [0x00000000c1c00000, 0x0000000100000000)
  region size 1024K, 3 young (3072K), 1 survivors (1024K)
 Metaspace       used 8536K, capacity 11297K, committed 11520K, reserved 1058816K
  class space    used 978K, capacity 1231K, committed 1280K, reserved 1048576K
}
Event: 1.905 GC heap after
{Heap after GC invocations=11 (full 0):
 garbage-first heap   total 12288K, used 4678K [0x00000000c1c00000, 0x0000000100000000)
  region size 1024K, 1 young (1024K), 1 survivors (1024K)
 Metaspace       used 8536K, capacity 11297K, committed 11520K, reserved 1058816K
  class space    used 978K, capacity 1231K, committed 1280K, reserved 1048576K
}
Event: 1.931 GC heap before
{Heap before GC invocations=11 (full 0):
 garbage-first heap   total 12288K, used 6726K [0x00000000c1c00000, 0x0000000100000000)
  region size 1024K, 3 young (3072K), 1 survivors (1024K)
 Metaspace       used 8540K, capacity 11297K, committed 11520K, reserved 1058816K
  class space    used 978K, capacity 1231K, committed 1280K, reserved 1048576K
}
Event: 1.935 GC heap after
{Heap after GC invocations=12 (full 0):
 garbage-first heap   total 12288K, used 4845K [0x00000000c1c00000, 0x0000000100000000)
  region size 1024K, 1 young (1024K), 1 survivors (1024K)
 Metaspace       used 8540K, capacity 11297K, committed 11520K, reserved 1058816K
  class space    used 978K, capacity 1231K, committed 1280K, reserved 1048576K
}
Event: 1.991 GC heap before
{Heap before GC invocations=12 (full 0):
 garbage-first heap   total 12288K, used 6893K [0x00000000c1c00000, 0x0000000100000000)
  region size 1024K, 3 young (3072K), 1 survivors (1024K)
 Metaspace       used 8562K, capacity 11297K, committed 11520K, reserved 1058816K
  class space    used 980K, capacity 1231K, committed 1280K, reserved 1048576K
}
Event: 1.996 GC heap after
{Heap after GC invocations=13 (full 0):
 garbage-first heap   total 12288K, used 5111K [0x00000000c1c00000, 0x0000000100000000)
  region size 1024K, 1 young (1024K), 1 survivors (1024K)
 Metaspace       used 8562K, capacity 11297K, committed 11520K, reserved 1058816K
  class space    used 980K, capacity 1231K, committed 1280K, reserved 1048576K
}
Event: 2.009 GC heap before
{Heap before GC invocations=13 (full 0):
 garbage-first heap   total 12288K, used 7159K [0x00000000c1c00000, 0x0000000100000000)
  region size 1024K, 3 young (3072K), 1 survivors (1024K)
 Metaspace       used 8562K, capacity 11297K, committed 11520K, reserved 1058816K
  class space    used 980K, capacity 1231K, committed 1280K, reserved 1048576K
}
Event: 2.013 GC heap after
{Heap after GC invocations=14 (full 0):
 garbage-first heap   total 12288K, used 5512K [0x00000000c1c00000, 0x0000000100000000)
  region size 1024K, 1 young (1024K), 1 survivors (1024K)
 Metaspace       used 8562K, capacity 11297K, committed 11520K, reserved 1058816K
  class space    used 980K, capacity 1231K, committed 1280K, reserved 1048576K
}
Event: 2.050 GC heap before
{Heap before GC invocations=14 (full 0):
 garbage-first heap   total 12288K, used 6536K [0x00000000c1c00000, 0x0000000100000000)
  region size 1024K, 3 young (3072K), 1 survivors (1024K)
 Metaspace       used 8562K, capacity 11297K, committed 11520K, reserved 1058816K
  class space    used 980K, capacity 1231K, committed 1280K, reserved 1048576K
}
Event: 2.055 GC heap after
{Heap after GC invocations=15 (full 0):
 garbage-first heap   total 19456K, used 5677K [0x00000000c1c00000, 0x0000000100000000)
  region size 1024K, 1 young (1024K), 1 survivors (1024K)
 Metaspace       used 8562K, capacity 11297K, committed 11520K, reserved 1058816K
  class space    used 980K, capacity 1231K, committed 1280K, reserved 1048576K
}
Event: 2.250 GC heap before
{Heap before GC invocations=15 (full 0):
 garbage-first heap   total 19456K, used 11821K [0x00000000c1c00000, 0x0000000100000000)
  region size 1024K, 8 young (8192K), 1 survivors (1024K)
 Metaspace       used 8680K, capacity 11399K, committed 11520K, reserved 1058816K
  class space    used 990K, capacity 1265K, committed 1280K, reserved 1048576K
}
Event: 2.255 GC heap after
{Heap after GC invocations=16 (full 0):
 garbage-first heap   total 19456K, used 7468K [0x00000000c1c00000, 0x0000000100000000)
  region size 1024K, 1 young (1024K), 1 survivors (1024K)
 Metaspace       used 8680K, capacity 11399K, committed 11520K, reserved 1058816K
  class space    used 990K, capacity 1265K, committed 1280K, reserved 1048576K
}
Event: 2.391 GC heap before
{Heap before GC invocations=16 (full 0):
 garbage-first heap   total 19456K, used 12588K [0x00000000c1c00000, 0x0000000100000000)
  region size 1024K, 6 young (6144K), 1 survivors (1024K)
 Metaspace       used 9165K, capacity 11755K, committed 11904K, reserved 1060864K
  class space    used 1050K, capacity 1298K, committed 1408K, reserved 1048576K
}
Event: 2.400 GC heap after
{Heap after GC invocations=17 (full 0):
 garbage-first heap   total 19456K, used 8434K [0x00000000c1c00000, 0x0000000100000000)
  region size 1024K, 1 young (1024K), 1 survivors (1024K)
 Metaspace       used 9165K, capacity 11755K, committed 11904K, reserved 1060864K
  class space    used 1050K, capacity 1298K, committed 1408K, reserved 1048576K
}
Event: 2.487 GC heap before
{Heap before GC invocations=17 (full 0):
 garbage-first heap   total 19456K, used 13554K [0x00000000c1c00000, 0x0000000100000000)
  region size 1024K, 5 young (5120K), 1 survivors (1024K)
 Metaspace       used 9340K, capacity 11918K, committed 12160K, reserved 1060864K
  class space    used 1070K, capacity 1331K, committed 1408K, reserved 1048576K
}
Event: 2.497 GC heap after
{Heap after GC invocations=18 (full 0):
 garbage-first heap   total 19456K, used 10424K [0x00000000c1c00000, 0x0000000100000000)
  region size 1024K, 1 young (1024K), 1 survivors (1024K)
 Metaspace       used 9340K, capacity 11918K, committed 12160K, reserved 1060864K
  class space    used 1070K, capacity 1331K, committed 1408K, reserved 1048576K
}
Event: 2.668 GC heap before
{Heap before GC invocations=18 (full 0):
 garbage-first heap   total 19456K, used 13496K [0x00000000c1c00000, 0x0000000100000000)
  region size 1024K, 4 young (4096K), 1 survivors (1024K)
 Metaspace       used 9769K, capacity 12366K, committed 12672K, reserved 1060864K
  class space    used 1091K, capacity 1331K, committed 1408K, reserved 1048576K
}
Event: 2.674 GC heap after
{Heap after GC invocations=19 (full 0):
 garbage-first heap   total 38912K, used 10661K [0x00000000c1c00000, 0x0000000100000000)
  region size 1024K, 1 young (1024K), 1 survivors (1024K)
 Metaspace       used 9769K, capacity 12366K, committed 12672K, reserved 1060864K
  class space    used 1091K, capacity 1331K, committed 1408K, reserved 1048576K
}

